<?xml version="1.0" encoding="UTF-8"?>
<testng-results skipped="0" failed="0" total="1" passed="1">
  <reporter-output>
  </reporter-output>
  <suite name="Default suite" duration-ms="7501" started-at="2020-11-13T07:15:08Z" finished-at="2020-11-13T07:15:15Z">
    <groups>
    </groups>
    <test name="Default test" duration-ms="7501" started-at="2020-11-13T07:15:08Z" finished-at="2020-11-13T07:15:15Z">
      <class name="cukeRunner.Runner">
        <test-method status="PASS" signature="setup()[pri:0, instance:cukeRunner.Runner@647fd8ce]" name="setup" is-config="true" duration-ms="657" started-at="2020-11-13T12:45:08Z" finished-at="2020-11-13T12:45:09Z">
          <reporter-output>
          </reporter-output>
        </test-method> <!-- setup -->
        <test-method status="PASS" signature="scenario(cucumber.api.testng.CucumberFeatureWrapper)[pri:0, instance:cukeRunner.Runner@647fd8ce]" name="scenario" duration-ms="5791" started-at="2020-11-13T12:45:09Z" data-provider="feature" finished-at="2020-11-13T12:45:15Z">
          <params>
            <param index="0">
              <value>
                <![CDATA[Hook feature]]>
              </value>
            </param>
          </params>
          <reporter-output>
          </reporter-output>
        </test-method> <!-- scenario -->
        <test-method status="PASS" signature="tearDown()[pri:0, instance:cukeRunner.Runner@647fd8ce]" name="tearDown" is-config="true" duration-ms="856" started-at="2020-11-13T12:45:15Z" finished-at="2020-11-13T12:45:15Z">
          <reporter-output>
          </reporter-output>
        </test-method> <!-- tearDown -->
      </class> <!-- cukeRunner.Runner -->
    </test> <!-- Default test -->
  </suite> <!-- Default suite -->
</testng-results>
