<?xml version="1.0" encoding="UTF-8"?>
<testng-results skipped="0" failed="0" total="1" passed="1">
  <reporter-output>
  </reporter-output>
  <suite name="Default suite" duration-ms="1110" started-at="2020-11-12T12:58:50Z" finished-at="2020-11-12T12:58:51Z">
    <groups>
      <group name="cucumber">
        <method signature="AbstractTestNGCucumberTests.feature(cucumber.api.testng.CucumberFeatureWrapper)[pri:0, instance:cukeRunner.Runner@18ce0030]" name="feature" class="cucumber.api.testng.AbstractTestNGCucumberTests"/>
      </group> <!-- cucumber -->
    </groups>
    <test name="Default test" duration-ms="1110" started-at="2020-11-12T12:58:50Z" finished-at="2020-11-12T12:58:51Z">
      <class name="cukeRunner.Runner">
        <test-method status="PASS" signature="setUpClass()[pri:0, instance:cukeRunner.Runner@18ce0030]" test-instance-name="" name="setUpClass" is-config="true" duration-ms="562" started-at="2020-11-12T18:28:50Z" finished-at="2020-11-12T18:28:50Z">
          <reporter-output>
          </reporter-output>
        </test-method> <!-- setUpClass -->
        <test-method name="feature" test-instance-name="" signature="feature(cucumber.api.testng.CucumberFeatureWrapper)[pri:0, instance:cukeRunner.Runner@18ce0030]" status="PASS" duration-ms="267" finished-at="2020-11-12T18:28:51Z" started-at="2020-11-12T18:28:51Z" data-provider="features" description="Runs Cucumber Feature">
          <params>
            <param index="0">
              <value>
                <![CDATA[login datadriven feature]]>
              </value>
            </param>
          </params>
          <reporter-output>
          </reporter-output>
        </test-method> <!-- feature -->
        <test-method status="PASS" signature="tearDownClass()[pri:0, instance:cukeRunner.Runner@18ce0030]" test-instance-name="" name="tearDownClass" is-config="true" duration-ms="20" started-at="2020-11-12T18:28:51Z" finished-at="2020-11-12T18:28:51Z">
          <reporter-output>
          </reporter-output>
        </test-method> <!-- tearDownClass -->
      </class> <!-- cukeRunner.Runner -->
    </test> <!-- Default test -->
  </suite> <!-- Default suite -->
</testng-results>
